<?xml version="1.0" encoding="UTF-8"?>
<!-- Generated by org.testng.reporters.JUnitReportReporter -->
<testsuite hostname="urs-PC" name="unitTestCases.Alert" tests="1"
	failures="0" timestamp="13 Jul 2013 08:11:10 GMT" time="13.433" errors="0">
	<testcase name="AlertBox" time="13.433" classname="unitTestCases.Alert" />
</testsuite> <!-- unitTestCases.Alert -->
